<?xml version="1.0" encoding="UTF-8"?>
<!-- Generated by org.testng.reporters.JUnitReportReporter -->
<testsuite hostname="DESKTOP-M3AEJFO" failures="0" tests="1" name="com.odel.qa.testcases.ForgetPasswordPageTest"
           time="41.717" errors="0" timestamp="30 Jul 2020 00:36:44 GMT" skipped="0">
    <testcase classname="com.odel.qa.testcases.ForgetPasswordPageTest" name="forgetPasswordTest" time="41.717"/>
</testsuite> <!-- com.odel.qa.testcases.ForgetPasswordPageTest -->
