<?xml version="1.0" encoding="UTF-8"?>
<!-- Generated by org.testng.reporters.JUnitReportReporter -->
<testsuite hostname="DESKTOP-M3AEJFO" failures="0" tests="2" name="com.odel.qa.testcases.LoginPageTest" time="42.590"
           errors="0" timestamp="30 Jul 2020 14:36:50 GMT" skipped="0">
    <testcase classname="com.odel.qa.testcases.LoginPageTest" name="loginPageTitleTest" time="18.770"/>
    <testcase classname="com.odel.qa.testcases.LoginPageTest" name="loginTest" time="23.820"/>
</testsuite> <!-- com.odel.qa.testcases.LoginPageTest -->
