<?xml version="1.0" encoding="UTF-8"?>
<!-- Generated by org.testng.reporters.JUnitReportReporter -->
<testsuite hostname="DESKTOP-M3AEJFO" failures="0" tests="7" name="com.odel.qa.testcases.MyAccountPageTest"
           time="437.639" errors="0" timestamp="30 Jul 2020 16:14:11 GMT" skipped="0">
    <testcase classname="com.odel.qa.testcases.MyAccountPageTest" name="saveChangedDetails" time="82.598"/>
    <testcase classname="com.odel.qa.testcases.MyAccountPageTest" name="cancelChangedDetails" time="65.656"/>
    <testcase classname="com.odel.qa.testcases.MyAccountPageTest" name="selectOrder" time="44.899"/>
    <testcase classname="com.odel.qa.testcases.MyAccountPageTest" name="returnAndRefund" time="54.286"/>
    <testcase classname="com.odel.qa.testcases.MyAccountPageTest" name="myWishlist" time="67.627"/>
    <testcase classname="com.odel.qa.testcases.MyAccountPageTest" name="vouchers" time="79.095"/>
    <testcase classname="com.odel.qa.testcases.MyAccountPageTest" name="myLoyalty" time="43.478"/>
</testsuite> <!-- com.odel.qa.testcases.MyAccountPageTest -->
