<?xml version="1.0" encoding="UTF-8"?>
<!-- Generated by org.testng.reporters.JUnitReportReporter -->
<testsuite hostname="DESKTOP-M3AEJFO" failures="0" tests="1" name="com.odel.qa.testcases.RegisterPageTest" time="13.783"
           errors="0" timestamp="30 Jul 2020 16:15:19 GMT" skipped="0">
    <testcase classname="com.odel.qa.testcases.RegisterPageTest" name="registerPageTitleCheck" time="13.783"/>
</testsuite> <!-- com.odel.qa.testcases.RegisterPageTest -->
