<?xml version="1.0" encoding="UTF-8"?>
<!-- Generated by org.testng.reporters.JUnitReportReporter -->
<testsuite hostname="DESKTOP-M3AEJFO" failures="0" tests="8" name="com.odel.qa.testcases.HomePageTest" time="281.851"
           errors="0" timestamp="30 Jul 2020 14:22:05 GMT" skipped="0">
    <testcase classname="com.odel.qa.testcases.HomePageTest" name="homePageTitleTest" time="21.155"/>
    <testcase classname="com.odel.qa.testcases.HomePageTest" name="clickLoginTest" time="24.204"/>
    <testcase classname="com.odel.qa.testcases.HomePageTest" name="clickRegisterTest" time="26.876"/>
    <testcase classname="com.odel.qa.testcases.HomePageTest" name="clickWishListTest" time="102.850"/>
    <testcase classname="com.odel.qa.testcases.HomePageTest" name="selectCategory" time="24.073"/>
    <testcase classname="com.odel.qa.testcases.HomePageTest" name="selectProduct" time="31.095"/>
    <testcase classname="com.odel.qa.testcases.HomePageTest" name="searchItem" time="28.100"/>
    <testcase classname="com.odel.qa.testcases.HomePageTest" name="selectCategoryFromAllCategory" time="23.498"/>
</testsuite> <!-- com.odel.qa.testcases.HomePageTest -->
