<?xml version="1.0" encoding="UTF-8"?>
<!-- Generated by org.testng.reporters.JUnitReportReporter -->
<testsuite hostname="DESKTOP-M3AEJFO" failures="0" tests="2" name="com.odel.qa.testcases.CategoryPageTest" time="61.770"
           errors="0" timestamp="29 Jul 2020 15:28:02 GMT" skipped="0">
    <testcase classname="com.odel.qa.testcases.CategoryPageTest" name="CategoryPageTitleTest" time="29.531"/>
    <testcase classname="com.odel.qa.testcases.CategoryPageTest" name="addProductToCart" time="32.239"/>
</testsuite> <!-- com.odel.qa.testcases.CategoryPageTest -->
