<?xml version="1.0" encoding="UTF-8"?>
<!-- Generated by org.testng.reporters.JUnitReportReporter -->
<testsuite hostname="DESKTOP-M3AEJFO" failures="0" tests="10" name="com.odel.qa.testcases.InfoPageTest" time="242.095"
           errors="0" timestamp="30 Jul 2020 14:34:53 GMT" skipped="0">
    <testcase classname="com.odel.qa.testcases.InfoPageTest" name="contactUsTest" time="26.912"/>
    <testcase classname="com.odel.qa.testcases.InfoPageTest" name="servicePaymentTest" time="49.390"/>
    <testcase classname="com.odel.qa.testcases.InfoPageTest" name="storeLocatorTest" time="26.520"/>
    <testcase classname="com.odel.qa.testcases.InfoPageTest" name="aboutUsTest" time="17.968"/>
    <testcase classname="com.odel.qa.testcases.InfoPageTest" name="odelMagazineTest" time="16.140"/>
    <testcase classname="com.odel.qa.testcases.InfoPageTest" name="visitMysoftlogicTest" time="19.269"/>
    <testcase classname="com.odel.qa.testcases.InfoPageTest" name="visitGlomarkTest" time="20.285"/>
    <testcase classname="com.odel.qa.testcases.InfoPageTest" name="termsOfUseTest" time="28.070"/>
    <testcase classname="com.odel.qa.testcases.InfoPageTest" name="privacyPolicyTest" time="19.917"/>
    <testcase classname="com.odel.qa.testcases.InfoPageTest" name="faqTest" time="17.624"/>
</testsuite> <!-- com.odel.qa.testcases.InfoPageTest -->
