<?xml version="1.0" encoding="UTF-8"?>
<!-- Generated by org.testng.reporters.JUnitReportReporter -->
<testsuite hostname="DESKTOP-M3AEJFO" failures="0" tests="1" name="com.odel.qa.testcases.CheckoutPageTest" time="87.788"
           errors="0" timestamp="29 Jul 2020 15:34:18 GMT" skipped="0">
    <testcase classname="com.odel.qa.testcases.CheckoutPageTest" name="completeCheckout" time="87.788"/>
</testsuite> <!-- com.odel.qa.testcases.CheckoutPageTest -->
