<?xml version="1.0" encoding="UTF-8"?>
<!-- Generated by org.testng.reporters.JUnitReportReporter -->
<testsuite hostname="DESKTOP-M3AEJFO" failures="0" tests="3" name="com.odel.qa.testcases.MainCategoryPageTest"
           time="184.390" errors="0" timestamp="30 Jul 2020 15:31:42 GMT" skipped="0">
    <testcase classname="com.odel.qa.testcases.MainCategoryPageTest" name="selectMainCategory" time="78.738"/>
    <testcase classname="com.odel.qa.testcases.MainCategoryPageTest" name="mainCategoryPageTitleTest" time="46.787"/>
    <testcase classname="com.odel.qa.testcases.MainCategoryPageTest" name="takeDropdownCount" time="58.865"/>
</testsuite> <!-- com.odel.qa.testcases.MainCategoryPageTest -->
